Determining if the pthread_create exist failed with the following output:
Change Dir: /home/ros2/gazebo_animatedbox_tutorial/build/CMakeFiles/CMakeTmp

Run Build Command:"/usr/bin/make" "cmTC_609cd/fast"
/usr/bin/make -f CMakeFiles/cmTC_609cd.dir/build.make CMakeFiles/cmTC_609cd.dir/build
make[1]: Entering directory '/home/ros2/gazebo_animatedbox_tutorial/build/CMakeFiles/CMakeTmp'
Building C object CMakeFiles/cmTC_609cd.dir/CheckSymbolExists.c.o
/usr/bin/cc     -o CMakeFiles/cmTC_609cd.dir/CheckSymbolExists.c.o   -c /home/ros2/gazebo_animatedbox_tutorial/build/CMakeFiles/CMakeTmp/CheckSymbolExists.c
Linking C executable cmTC_609cd
/usr/bin/cmake -E cmake_link_script CMakeFiles/cmTC_609cd.dir/link.txt --verbose=1
/usr/bin/cc       CMakeFiles/cmTC_609cd.dir/CheckSymbolExists.c.o  -o cmTC_609cd -rdynamic 
CMakeFiles/cmTC_609cd.dir/CheckSymbolExists.c.o: In function `main':
CheckSymbolExists.c:(.text+0x16): undefined reference to `pthread_create'
collect2: error: ld returned 1 exit status
CMakeFiles/cmTC_609cd.dir/build.make:97: recipe for target 'cmTC_609cd' failed
make[1]: *** [cmTC_609cd] Error 1
make[1]: Leaving directory '/home/ros2/gazebo_animatedbox_tutorial/build/CMakeFiles/CMakeTmp'
Makefile:126: recipe for target 'cmTC_609cd/fast' failed
make: *** [cmTC_609cd/fast] Error 2

File /home/ros2/gazebo_animatedbox_tutorial/build/CMakeFiles/CMakeTmp/CheckSymbolExists.c:
/* */
#include <pthread.h>

int main(int argc, char** argv)
{
  (void)argv;
#ifndef pthread_create
  return ((int*)(&pthread_create))[argc];
#else
  (void)argc;
  return 0;
#endif
}

Determining if the function pthread_create exists in the pthreads failed with the following output:
Change Dir: /home/ros2/gazebo_animatedbox_tutorial/build/CMakeFiles/CMakeTmp

Run Build Command:"/usr/bin/make" "cmTC_dbce5/fast"
/usr/bin/make -f CMakeFiles/cmTC_dbce5.dir/build.make CMakeFiles/cmTC_dbce5.dir/build
make[1]: Entering directory '/home/ros2/gazebo_animatedbox_tutorial/build/CMakeFiles/CMakeTmp'
Building C object CMakeFiles/cmTC_dbce5.dir/CheckFunctionExists.c.o
/usr/bin/cc    -DCHECK_FUNCTION_EXISTS=pthread_create   -o CMakeFiles/cmTC_dbce5.dir/CheckFunctionExists.c.o   -c /usr/share/cmake-3.5/Modules/CheckFunctionExists.c
Linking C executable cmTC_dbce5
/usr/bin/cmake -E cmake_link_script CMakeFiles/cmTC_dbce5.dir/link.txt --verbose=1
/usr/bin/cc   -DCHECK_FUNCTION_EXISTS=pthread_create    CMakeFiles/cmTC_dbce5.dir/CheckFunctionExists.c.o  -o cmTC_dbce5 -rdynamic -lpthreads 
/usr/bin/ld: cannot find -lpthreads
collect2: error: ld returned 1 exit status
CMakeFiles/cmTC_dbce5.dir/build.make:97: recipe for target 'cmTC_dbce5' failed
make[1]: *** [cmTC_dbce5] Error 1
make[1]: Leaving directory '/home/ros2/gazebo_animatedbox_tutorial/build/CMakeFiles/CMakeTmp'
Makefile:126: recipe for target 'cmTC_dbce5/fast' failed
make: *** [cmTC_dbce5/fast] Error 2


